{
  "RSpec": {
    "coverage": {
      "/home/loyal-role-9128/tic-tac-toe-rb-ruby-apply-000/lib/tic_tac_toe.rb": [
        null,
        1,
        null,
        null,
        null,
        null,
        null,
        null,
        null,
        1,
        5,
        5,
        5,
        5,
        5,
        null,
        1,
        13,
        null,
        null,
        1,
        3,
        null,
        1,
        15,
        null,
        1,
        13,
        null,
        1,
        10,
        10,
        10,
        10,
        9,
        0,
        null,
        1,
        null,
        null,
        1,
        2,
        2,
        18,
        5,
        null,
        null,
        2,
        null,
        1,
        1,
        null,
        1,
        41,
        507,
        18,
        402,
        10,
        null,
        null,
        13,
        null,
        1,
        26,
        148,
        null,
        null,
        1,
        10,
        4,
        6,
        2,
        4,
        4,
        null,
        null,
        1,
        11,
        7,
        null,
        4,
        null,
        null,
        1,
        10,
        9,
        null,
        null,
        1,
        12,
        7,
        null,
        5,
        3,
        3,
        2,
        2,
        null,
        null
      ]
    },
    "timestamp": 1596573380
  }
}
