{
  "RSpec": {
    "coverage": {
      "/home/loyal-role-9128/tic-tac-toe-rb-ruby-apply-000/lib/tic_tac_toe.rb": [
        null,
        1,
        null,
        null,
        null,
        null,
        null,
        null,
        null,
        1,
        24,
        24,
        24,
        24,
        24,
        null,
        1,
        23,
        null,
        null,
        1,
        22,
        null,
        1,
        25,
        null,
        1,
        23,
        null,
        1,
        20,
        20,
        20,
        20,
        19,
        19,
        null,
        1,
        null,
        null,
        1,
        21,
        21,
        189,
        31,
        null,
        null,
        21,
        null,
        1,
        20,
        null,
        1,
        70,
        1116,
        24,
        888,
        10,
        null,
        null,
        36,
        null,
        1,
        46,
        228,
        null,
        null,
        1,
        20,
        14,
        6,
        2,
        4,
        4,
        null,
        null,
        1,
        21,
        10,
        null,
        11,
        null,
        null,
        1,
        12,
        11,
        null,
        null,
        1,
        12,
        17,
        null,
        12,
        5,
        5,
        7,
        7,
        null,
        null
      ]
    },
    "timestamp": 1596573918
  }
}
